[ 2018-11-02T21:37:51+08:00 ] ::1 /TuShuGuan/test/index.php/themes/icon.css
INFO: [ app_init ] --START--
INFO: Run Behavior\BuildLiteBehavior [ RunTime:0.000038s ]
INFO: [ app_init ] --END-- [ RunTime:0.000616s ]
ERR: 无法加载模块:Themes

[ 2018-11-02T21:37:51+08:00 ] ::1 /TuShuGuan/test/index.php/jquery.easyui.min.js
INFO: [ app_init ] --START--
INFO: Run Behavior\BuildLiteBehavior [ RunTime:0.000038s ]
INFO: [ app_init ] --END-- [ RunTime:0.000759s ]
ERR: 无法加载模块:Jquery.easyui.min

[ 2018-11-02T21:37:51+08:00 ] ::1 /TuShuGuan/test/index.php/themes/default/easyui.css
INFO: [ app_init ] --START--
INFO: Run Behavior\BuildLiteBehavior [ RunTime:0.000052s ]
INFO: [ app_init ] --END-- [ RunTime:0.000722s ]
ERR: 无法加载模块:Themes

[ 2018-11-02T21:37:51+08:00 ] ::1 /TuShuGuan/test/index.php/jquery.min.js
INFO: [ app_init ] --START--
INFO: Run Behavior\BuildLiteBehavior [ RunTime:0.000047s ]
INFO: [ app_init ] --END-- [ RunTime:0.000763s ]
ERR: 无法加载模块:Jquery.min

[ 2018-11-02T21:37:51+08:00 ] ::1 /TuShuGuan/test/index.php/jquery.easyui.min.js
INFO: [ app_init ] --START--
INFO: Run Behavior\BuildLiteBehavior [ RunTime:0.000040s ]
INFO: [ app_init ] --END-- [ RunTime:0.000725s ]
ERR: 无法加载模块:Jquery.easyui.min

